# JRE version: OpenJDK Runtime Environment Homebrew (11.0.12) (build 11.0.12+0)
# Java VM: OpenJDK 64-Bit Server VM Homebrew (11.0.12+0, mixed mode, tiered, compressed oops, g1 gc, bsd-aarch64)
Heap:
 garbage-first heap   total 262144K, used 202126K [0x00000007d0800000, 0x00000007f0800000)
  region size 1024K, 15 young (15360K), 6 survivors (6144K)
 Metaspace       used 122938K, capacity 127159K, committed 127264K, reserved 364544K
  class space    used 15471K, capacity 16955K, committed 16960K, reserved 253952K
GC Heap History (20 events):
Event: 15.803 GC heap before
{Heap before GC invocations=38 (full 0):
 garbage-first heap   total 262144K, used 214371K [0x00000007d0800000, 0x00000007f0800000)
  region size 1024K, 64 young (65536K), 2 survivors (2048K)
 Metaspace       used 111258K, capacity 115176K, committed 115488K, reserved 354304K
  class space    used 14245K, capacity 15615K, committed 15680K, reserved 253952K
}
Event: 15.807 GC heap after
{Heap after GC invocations=39 (full 0):
 garbage-first heap   total 262144K, used 158368K [0x00000007d0800000, 0x00000007f0800000)
  region size 1024K, 8 young (8192K), 8 survivors (8192K)
 Metaspace       used 111258K, capacity 115176K, committed 115488K, reserved 354304K
  class space    used 14245K, capacity 15615K, committed 15680K, reserved 253952K
}
Event: 15.928 GC heap before
{Heap before GC invocations=39 (full 0):
 garbage-first heap   total 262144K, used 216736K [0x00000007d0800000, 0x00000007f0800000)
  region size 1024K, 66 young (67584K), 8 survivors (8192K)
 Metaspace       used 111942K, capacity 115777K, committed 116000K, reserved 354304K
  class space    used 14282K, capacity 15656K, committed 15680K, reserved 253952K
}
Event: 15.933 GC heap after
{Heap after GC invocations=40 (full 0):
 garbage-first heap   total 262144K, used 161362K [0x00000007d0800000, 0x00000007f0800000)
  region size 1024K, 5 young (5120K), 5 survivors (5120K)
 Metaspace       used 111942K, capacity 115777K, committed 116000K, reserved 354304K
  class space    used 14282K, capacity 15656K, committed 15680K, reserved 253952K
}
Event: 16.045 GC heap before
{Heap before GC invocations=40 (full 0):
 garbage-first heap   total 262144K, used 218706K [0x00000007d0800000, 0x00000007f0800000)
  region size 1024K, 62 young (63488K), 5 survivors (5120K)
 Metaspace       used 112224K, capacity 116069K, committed 116384K, reserved 356352K
  class space    used 14309K, capacity 15686K, committed 15808K, reserved 253952K
}
Event: 16.050 GC heap after
{Heap after GC invocations=41 (full 0):
 garbage-first heap   total 262144K, used 164236K [0x00000007d0800000, 0x00000007f0800000)
  region size 1024K, 8 young (8192K), 8 survivors (8192K)
 Metaspace       used 112224K, capacity 116069K, committed 116384K, reserved 356352K
  class space    used 14309K, capacity 15686K, committed 15808K, reserved 253952K
}
Event: 16.156 GC heap before
{Heap before GC invocations=41 (full 0):
 garbage-first heap   total 262144K, used 221580K [0x00000007d0800000, 0x00000007f0800000)
  region size 1024K, 63 young (64512K), 8 survivors (8192K)
 Metaspace       used 112474K, capacity 116313K, committed 116640K, reserved 356352K
  class space    used 14332K, capacity 15720K, committed 15808K, reserved 253952K
}
Event: 16.159 GC heap after
{Heap after GC invocations=42 (full 0):
 garbage-first heap   total 262144K, used 167313K [0x00000007d0800000, 0x00000007f0800000)
  region size 1024K, 5 young (5120K), 5 survivors (5120K)
 Metaspace       used 112474K, capacity 116313K, committed 116640K, reserved 356352K
  class space    used 14332K, capacity 15720K, committed 15808K, reserved 253952K
}
Event: 16.263 GC heap before
{Heap before GC invocations=42 (full 0):
 garbage-first heap   total 262144K, used 223633K [0x00000007d0800000, 0x00000007f0800000)
  region size 1024K, 60 young (61440K), 5 survivors (5120K)
 Metaspace       used 112476K, capacity 116313K, committed 116640K, reserved 356352K
  class space    used 14332K, capacity 15720K, committed 15808K, reserved 253952K
}
Event: 16.266 GC heap after
{Heap after GC invocations=43 (full 0):
 garbage-first heap   total 262144K, used 167985K [0x00000007d0800000, 0x00000007f0800000)
  region size 1024K, 2 young (2048K), 2 survivors (2048K)
 Metaspace       used 112476K, capacity 116313K, committed 116640K, reserved 356352K
  class space    used 14332K, capacity 15720K, committed 15808K, reserved 253952K
}
Event: 16.337 GC heap before
{Heap before GC invocations=43 (full 0):
 garbage-first heap   total 262144K, used 224305K [0x00000007d0800000, 0x00000007f0800000)
  region size 1024K, 57 young (58368K), 2 survivors (2048K)
 Metaspace       used 112478K, capacity 116377K, committed 116640K, reserved 356352K
  class space    used 14332K, capacity 15720K, committed 15808K, reserved 253952K
}
Event: 16.338 GC heap after
{Heap after GC invocations=44 (full 0):
 garbage-first heap   total 262144K, used 167728K [0x00000007d0800000, 0x00000007f0800000)
  region size 1024K, 2 young (2048K), 2 survivors (2048K)
 Metaspace       used 112478K, capacity 116377K, committed 116640K, reserved 356352K
  class space    used 14332K, capacity 15720K, committed 15808K, reserved 253952K
}
Event: 16.942 GC heap before
{Heap before GC invocations=44 (full 0):
 garbage-first heap   total 262144K, used 226096K [0x00000007d0800000, 0x00000007f0800000)
  region size 1024K, 58 young (59392K), 2 survivors (2048K)
 Metaspace       used 121358K, capacity 125491K, committed 125728K, reserved 364544K
  class space    used 15402K, capacity 16884K, committed 16960K, reserved 253952K
}
Event: 16.963 GC heap after
{Heap after GC invocations=45 (full 0):
 garbage-first heap   total 262144K, used 169881K [0x00000007d0800000, 0x00000007f0800000)
  region size 1024K, 4 young (4096K), 4 survivors (4096K)
 Metaspace       used 121358K, capacity 125491K, committed 125728K, reserved 364544K
  class space    used 15402K, capacity 16884K, committed 16960K, reserved 253952K
}
Event: 17.160 GC heap before
{Heap before GC invocations=45 (full 0):
 garbage-first heap   total 262144K, used 227225K [0x00000007d0800000, 0x00000007f0800000)
  region size 1024K, 59 young (60416K), 4 survivors (4096K)
 Metaspace       used 122022K, capacity 126184K, committed 126240K, reserved 364544K
  class space    used 15456K, capacity 16937K, committed 16960K, reserved 253952K
}
Event: 17.168 GC heap after
{Heap after GC invocations=46 (full 0):
 garbage-first heap   total 262144K, used 179627K [0x00000007d0800000, 0x00000007f0800000)
  region size 1024K, 8 young (8192K), 8 survivors (8192K)
 Metaspace       used 122022K, capacity 126184K, committed 126240K, reserved 364544K
  class space    used 15456K, capacity 16937K, committed 16960K, reserved 253952K
}
Event: 17.366 GC heap before
{Heap before GC invocations=46 (full 0):
 garbage-first heap   total 262144K, used 222635K [0x00000007d0800000, 0x00000007f0800000)
  region size 1024K, 50 young (51200K), 8 survivors (8192K)
 Metaspace       used 122744K, capacity 126945K, committed 127008K, reserved 364544K
  class space    used 15469K, capacity 16952K, committed 16960K, reserved 253952K
}
Event: 17.375 GC heap after
{Heap after GC invocations=47 (full 0):
 garbage-first heap   total 262144K, used 184046K [0x00000007d0800000, 0x00000007f0800000)
  region size 1024K, 6 young (6144K), 6 survivors (6144K)
 Metaspace       used 122744K, capacity 126945K, committed 127008K, reserved 364544K
  class space    used 15469K, capacity 16952K, committed 16960K, reserved 253952K
}
Event: 17.487 GC heap before
{Heap before GC invocations=47 (full 0):
 garbage-first heap   total 262144K, used 222958K [0x00000007d0800000, 0x00000007f0800000)
  region size 1024K, 43 young (44032K), 6 survivors (6144K)
 Metaspace       used 122835K, capacity 127029K, committed 127264K, reserved 364544K
  class space    used 15471K, capacity 16955K, committed 16960K, reserved 253952K
}
Event: 17.495 GC heap after
{Heap after GC invocations=48 (full 0):
 garbage-first heap   total 262144K, used 193934K [0x00000007d0800000, 0x00000007f0800000)
  region size 1024K, 6 young (6144K), 6 survivors (6144K)
 Metaspace       used 122835K, capacity 127029K, committed 127264K, reserved 364544K
  class space    used 15471K, capacity 16955K, committed 16960K, reserved 253952K
}

